<?xml version="1.0" encoding="UTF-8"?>
<coverage generated="1776139699464" clover="3.2.0">
  <project timestamp="1776139699464" name="All files">
    <metrics statements="209" coveredstatements="198" conditionals="135" coveredconditionals="112" methods="41" coveredmethods="38" elements="385" coveredelements="348" complexity="0" loc="209" ncloc="209" packages="1" files="7" classes="7"/>
    <file name="conversions.ts" path="/Users/andrewpettigrew/Desktop/Andrew P Skill Assessment Scenario Package (3)/Scenario 4/project/src/conversions.ts">
      <metrics statements="19" coveredstatements="18" conditionals="13" coveredconditionals="12" methods="2" coveredmethods="2"/>
      <line num="1" count="1" type="stmt"/>
      <line num="3" count="1" type="stmt"/>
      <line num="5" count="1" type="stmt"/>
      <line num="6" count="37" type="stmt"/>
      <line num="19" count="1" type="stmt"/>
      <line num="20" count="103" type="stmt"/>
      <line num="21" count="103" type="cond" truecount="0" falsecount="1"/>
      <line num="22" count="0" type="stmt"/>
      <line num="25" count="103" type="stmt"/>
      <line num="26" count="103" type="cond" truecount="1" falsecount="0"/>
      <line num="27" count="3" type="stmt"/>
      <line num="30" count="100" type="stmt"/>
      <line num="31" count="100" type="stmt"/>
      <line num="32" count="100" type="stmt"/>
      <line num="34" count="100" type="cond" truecount="1" falsecount="0"/>
      <line num="42" count="3" type="stmt"/>
      <line num="47" count="97" type="cond" truecount="4" falsecount="0"/>
      <line num="48" count="3" type="stmt"/>
      <line num="51" count="94" type="stmt"/>
    </file>
    <file name="errors.ts" path="/Users/andrewpettigrew/Desktop/Andrew P Skill Assessment Scenario Package (3)/Scenario 4/project/src/errors.ts">
      <metrics statements="4" coveredstatements="4" conditionals="0" coveredconditionals="0" methods="1" coveredmethods="1"/>
      <line num="1" count="1" type="stmt"/>
      <line num="3" count="60" type="stmt"/>
      <line num="4" count="60" type="stmt"/>
      <line num="5" count="60" type="stmt"/>
    </file>
    <file name="index.ts" path="/Users/andrewpettigrew/Desktop/Andrew P Skill Assessment Scenario Package (3)/Scenario 4/project/src/index.ts">
      <metrics statements="12" coveredstatements="12" conditionals="0" coveredconditionals="0" methods="11" coveredmethods="8"/>
      <line num="2" count="1" type="stmt"/>
      <line num="3" count="12" type="stmt"/>
      <line num="4" count="6" type="stmt"/>
      <line num="6" count="1" type="stmt"/>
      <line num="7" count="2" type="stmt"/>
      <line num="8" count="4" type="stmt"/>
      <line num="9" count="2" type="stmt"/>
      <line num="11" count="1" type="stmt"/>
      <line num="12" count="1" type="stmt"/>
      <line num="13" count="75" type="stmt"/>
      <line num="14" count="2" type="stmt"/>
      <line num="15" count="1" type="stmt"/>
    </file>
    <file name="normalize.ts" path="/Users/andrewpettigrew/Desktop/Andrew P Skill Assessment Scenario Package (3)/Scenario 4/project/src/normalize.ts">
      <metrics statements="12" coveredstatements="12" conditionals="12" coveredconditionals="7" methods="4" coveredmethods="4"/>
      <line num="4" count="1070" type="cond" truecount="1" falsecount="0"/>
      <line num="5" count="2" type="stmt"/>
      <line num="7" count="1068" type="stmt"/>
      <line num="14" count="201" type="cond" truecount="1" falsecount="0"/>
      <line num="15" count="145" type="stmt"/>
      <line num="17" count="56" type="stmt"/>
      <line num="18" count="56" type="cond" truecount="1" falsecount="1"/>
      <line num="21" count="1" type="stmt"/>
      <line num="22" count="67" type="stmt"/>
      <line num="40" count="70" type="stmt"/>
      <line num="41" count="70" type="cond" truecount="1" falsecount="1"/>
      <line num="43" count="70" type="stmt"/>
    </file>
    <file name="schema.ts" path="/Users/andrewpettigrew/Desktop/Andrew P Skill Assessment Scenario Package (3)/Scenario 4/project/src/schema.ts">
      <metrics statements="79" coveredstatements="71" conditionals="55" coveredconditionals="43" methods="11" coveredmethods="11"/>
      <line num="1" count="1" type="stmt"/>
      <line num="2" count="1" type="stmt"/>
      <line num="3" count="1" type="stmt"/>
      <line num="5" count="1" type="stmt"/>
      <line num="6" count="1" type="stmt"/>
      <line num="7" count="1" type="stmt"/>
      <line num="8" count="1" type="stmt"/>
      <line num="9" count="1" type="stmt"/>
      <line num="10" count="1" type="stmt"/>
      <line num="13" count="674" type="stmt"/>
      <line num="19" count="66" type="stmt"/>
      <line num="20" count="66" type="cond" truecount="1" falsecount="0"/>
      <line num="21" count="63" type="cond" truecount="1" falsecount="0"/>
      <line num="22" count="1" type="stmt"/>
      <line num="24" count="62" type="stmt"/>
      <line num="26" count="3" type="cond" truecount="1" falsecount="0"/>
      <line num="27" count="1" type="stmt"/>
      <line num="28" count="1" type="cond" truecount="0" falsecount="1"/>
      <line num="32" count="0" type="stmt"/>
      <line num="34" count="1" type="stmt"/>
      <line num="36" count="2" type="cond" truecount="1" falsecount="0"/>
      <line num="37" count="1" type="stmt"/>
      <line num="39" count="1" type="stmt"/>
      <line num="43" count="8" type="cond" truecount="1" falsecount="0"/>
      <line num="44" count="1" type="stmt"/>
      <line num="47" count="7" type="stmt"/>
      <line num="48" count="7" type="cond" truecount="2" falsecount="0"/>
      <line num="51" count="1" type="stmt"/>
      <line num="61" count="67" type="cond" truecount="1" falsecount="0"/>
      <line num="62" count="1" type="stmt"/>
      <line num="67" count="1" type="stmt"/>
      <line num="69" count="66" type="stmt"/>
      <line num="70" count="66" type="cond" truecount="3" falsecount="0"/>
      <line num="71" count="64" type="cond" truecount="1" falsecount="0"/>
      <line num="72" count="1" type="stmt"/>
      <line num="80" count="66" type="stmt"/>
      <line num="81" count="66" type="cond" truecount="1" falsecount="0"/>
      <line num="82" count="2" type="stmt"/>
      <line num="90" count="1" type="stmt"/>
      <line num="99" count="67" type="cond" truecount="1" falsecount="0"/>
      <line num="104" count="3" type="stmt"/>
      <line num="110" count="67" type="cond" truecount="1" falsecount="0"/>
      <line num="115" count="1" type="stmt"/>
      <line num="123" count="1" type="stmt"/>
      <line num="132" count="1" type="stmt"/>
      <line num="136" count="68" type="stmt"/>
      <line num="149" count="68" type="stmt"/>
      <line num="152" count="68" type="stmt"/>
      <line num="157" count="64" type="cond" truecount="0" falsecount="1"/>
      <line num="158" count="0" type="stmt"/>
      <line num="165" count="64" type="stmt"/>
      <line num="166" count="67" type="stmt"/>
      <line num="167" count="67" type="cond" truecount="0" falsecount="1"/>
      <line num="168" count="0" type="stmt"/>
      <line num="174" count="67" type="cond" truecount="0" falsecount="1"/>
      <line num="175" count="0" type="stmt"/>
      <line num="181" count="67" type="cond" truecount="3" falsecount="1"/>
      <line num="182" count="0" type="stmt"/>
      <line num="188" count="67" type="cond" truecount="2" falsecount="0"/>
      <line num="189" count="3" type="stmt"/>
      <line num="194" count="64" type="cond" truecount="1" falsecount="0"/>
      <line num="195" count="3" type="stmt"/>
      <line num="202" count="67" type="cond" truecount="3" falsecount="1"/>
      <line num="203" count="0" type="stmt"/>
      <line num="208" count="67" type="cond" truecount="1" falsecount="0"/>
      <line num="209" count="5" type="stmt"/>
      <line num="215" count="67" type="cond" truecount="3" falsecount="1"/>
      <line num="216" count="0" type="stmt"/>
      <line num="221" count="67" type="cond" truecount="2" falsecount="0"/>
      <line num="222" count="1" type="stmt"/>
      <line num="228" count="66" type="stmt"/>
      <line num="229" count="66" type="stmt"/>
      <line num="232" count="8" type="cond" truecount="1" falsecount="1"/>
      <line num="237" count="8" type="stmt"/>
      <line num="244" count="67" type="cond" truecount="1" falsecount="0"/>
      <line num="245" count="1" type="cond" truecount="3" falsecount="1"/>
      <line num="246" count="0" type="stmt"/>
      <line num="251" count="1" type="cond" truecount="1" falsecount="0"/>
      <line num="252" count="1" type="stmt"/>
    </file>
    <file name="transform.ts" path="/Users/andrewpettigrew/Desktop/Andrew P Skill Assessment Scenario Package (3)/Scenario 4/project/src/transform.ts">
      <metrics statements="27" coveredstatements="27" conditionals="7" coveredconditionals="4" methods="5" coveredmethods="5"/>
      <line num="1" count="1" type="stmt"/>
      <line num="2" count="1" type="stmt"/>
      <line num="3" count="1" type="stmt"/>
      <line num="5" count="1" type="stmt"/>
      <line num="11" count="29" type="stmt"/>
      <line num="12" count="29" type="stmt"/>
      <line num="20" count="29" type="cond" truecount="3" falsecount="0"/>
      <line num="21" count="8" type="stmt"/>
      <line num="23" count="29" type="stmt"/>
      <line num="27" count="29" type="stmt"/>
      <line num="28" count="32" type="stmt"/>
      <line num="29" count="32" type="stmt"/>
      <line num="45" count="1" type="stmt"/>
      <line num="46" count="77" type="stmt"/>
      <line num="47" count="66" type="stmt"/>
      <line num="48" count="66" type="stmt"/>
      <line num="50" count="29" type="stmt"/>
      <line num="67" count="1" type="stmt"/>
      <line num="68" count="1" type="stmt"/>
      <line num="69" count="1" type="stmt"/>
      <line num="71" count="1" type="stmt"/>
      <line num="72" count="3" type="stmt"/>
      <line num="73" count="3" type="stmt"/>
      <line num="76" count="1" type="cond" truecount="1" falsecount="1"/>
      <line num="81" count="1" type="stmt"/>
      <line num="85" count="1" type="stmt"/>
      <line num="89" count="1" type="stmt"/>
    </file>
    <file name="validation.ts" path="/Users/andrewpettigrew/Desktop/Andrew P Skill Assessment Scenario Package (3)/Scenario 4/project/src/validation.ts">
      <metrics statements="56" coveredstatements="54" conditionals="48" coveredconditionals="46" methods="7" coveredmethods="7"/>
      <line num="1" count="1" type="stmt"/>
      <line num="2" count="1" type="stmt"/>
      <line num="3" count="1" type="stmt"/>
      <line num="4" count="1" type="stmt"/>
      <line num="8" count="320" type="cond" truecount="3" falsecount="0"/>
      <line num="12" count="51" type="cond" truecount="1" falsecount="0"/>
      <line num="13" count="4" type="stmt"/>
      <line num="14" count="4" type="stmt"/>
      <line num="15" count="4" type="cond" truecount="3" falsecount="0"/>
      <line num="16" count="1" type="stmt"/>
      <line num="19" count="50" type="stmt"/>
      <line num="22" count="1" type="stmt"/>
      <line num="23" count="81" type="cond" truecount="1" falsecount="0"/>
      <line num="24" count="1" type="stmt"/>
      <line num="28" count="1" type="stmt"/>
      <line num="31" count="80" type="stmt"/>
      <line num="32" count="80" type="stmt"/>
      <line num="33" count="320" type="cond" truecount="4" falsecount="0"/>
      <line num="34" count="3" type="stmt"/>
      <line num="42" count="80" type="cond" truecount="0" falsecount="1"/>
      <line num="43" count="0" type="stmt"/>
      <line num="46" count="80" type="cond" truecount="1" falsecount="0"/>
      <line num="52" count="1" type="stmt"/>
      <line num="59" count="80" type="cond" truecount="0" falsecount="1"/>
      <line num="60" count="0" type="stmt"/>
      <line num="63" count="80" type="cond" truecount="1" falsecount="0"/>
      <line num="64" count="3" type="stmt"/>
      <line num="69" count="3" type="stmt"/>
      <line num="72" count="77" type="stmt"/>
      <line num="73" count="80" type="cond" truecount="1" falsecount="0"/>
      <line num="74" count="1" type="stmt"/>
      <line num="79" count="1" type="stmt"/>
      <line num="82" count="79" type="stmt"/>
      <line num="83" count="79" type="cond" truecount="4" falsecount="0"/>
      <line num="84" count="1" type="stmt"/>
      <line num="92" count="79" type="cond" truecount="6" falsecount="0"/>
      <line num="94" count="79" type="cond" truecount="1" falsecount="0"/>
      <line num="95" count="1" type="stmt"/>
      <line num="103" count="79" type="cond" truecount="6" falsecount="0"/>
      <line num="105" count="79" type="cond" truecount="1" falsecount="0"/>
      <line num="106" count="1" type="stmt"/>
      <line num="114" count="79" type="cond" truecount="6" falsecount="0"/>
      <line num="118" count="79" type="cond" truecount="1" falsecount="0"/>
      <line num="119" count="1" type="stmt"/>
      <line num="131" count="1" type="stmt"/>
      <line num="132" count="81" type="stmt"/>
      <line num="133" count="81" type="cond" truecount="1" falsecount="0"/>
      <line num="134" count="13" type="stmt"/>
      <line num="141" count="1" type="stmt"/>
      <line num="142" count="68" type="stmt"/>
      <line num="143" count="68" type="cond" truecount="1" falsecount="0"/>
      <line num="144" count="38" type="stmt"/>
      <line num="146" count="30" type="stmt"/>
      <line num="152" count="1" type="stmt"/>
      <line num="153" count="1" type="stmt"/>
      <line num="154" count="1" type="stmt"/>
    </file>
  </project>
</coverage>
