{"/Users/andrewpettigrew/Desktop/Andrew P Skill Assessment Scenario Package (3)/Scenario 4/project/src/conversions.ts": {"path":"/Users/andrewpettigrew/Desktop/Andrew P Skill Assessment Scenario Package (3)/Scenario 4/project/src/conversions.ts","statementMap":{"0":{"start":{"line":5,"column":0},"end":{"line":5,"column":16}},"1":{"start":{"line":19,"column":0},"end":{"line":19,"column":16}},"2":{"start":{"line":1,"column":0},"end":{"line":1,"column":43}},"3":{"start":{"line":3,"column":18},"end":{"line":3,"column":28}},"4":{"start":{"line":6,"column":2},"end":{"line":6,"column":21}},"5":{"start":{"line":20,"column":18},"end":{"line":20,"column":29}},"6":{"start":{"line":21,"column":2},"end":{"line":23,"column":3}},"7":{"start":{"line":22,"column":4},"end":{"line":22,"column":60}},"8":{"start":{"line":25,"column":16},"end":{"line":25,"column":40}},"9":{"start":{"line":26,"column":2},"end":{"line":28,"column":3}},"10":{"start":{"line":27,"column":4},"end":{"line":27,"column":73}},"11":{"start":{"line":30,"column":17},"end":{"line":30,"column":33}},"12":{"start":{"line":31,"column":16},"end":{"line":31,"column":32}},"13":{"start":{"line":32,"column":17},"end":{"line":32,"column":33}},"14":{"start":{"line":34,"column":2},"end":{"line":45,"column":3}},"15":{"start":{"line":42,"column":4},"end":{"line":44,"column":6}},"16":{"start":{"line":47,"column":2},"end":{"line":49,"column":3}},"17":{"start":{"line":48,"column":4},"end":{"line":48,"column":71}},"18":{"start":{"line":51,"column":2},"end":{"line":51,"column":47}}},"fnMap":{"0":{"name":"convertOuncesToPounds","decl":{"start":{"line":5,"column":16},"end":{"line":5,"column":37}},"loc":{"start":{"line":5,"column":52},"end":{"line":7,"column":1}}},"1":{"name":"parseDimensions","decl":{"start":{"line":19,"column":16},"end":{"line":19,"column":31}},"loc":{"start":{"line":19,"column":44},"end":{"line":52,"column":1}}}},"branchMap":{"0":{"loc":{"start":{"line":21,"column":2},"end":{"line":23,"column":3}},"type":"if","locations":[{"start":{"line":21,"column":2},"end":{"line":23,"column":3}}]},"1":{"loc":{"start":{"line":26,"column":2},"end":{"line":28,"column":3}},"type":"if","locations":[{"start":{"line":26,"column":2},"end":{"line":28,"column":3}}]},"2":{"loc":{"start":{"line":34,"column":2},"end":{"line":45,"column":3}},"type":"if","locations":[{"start":{"line":34,"column":2},"end":{"line":45,"column":3}}]},"3":{"loc":{"start":{"line":35,"column":4},"end":{"line":40,"column":28}},"type":"binary-expr","locations":[{"start":{"line":35,"column":4},"end":{"line":35,"column":24}},{"start":{"line":36,"column":4},"end":{"line":36,"column":23}},{"start":{"line":37,"column":4},"end":{"line":37,"column":24}},{"start":{"line":38,"column":4},"end":{"line":38,"column":28}},{"start":{"line":39,"column":4},"end":{"line":39,"column":27}},{"start":{"line":40,"column":4},"end":{"line":40,"column":28}}]},"4":{"loc":{"start":{"line":47,"column":2},"end":{"line":49,"column":3}},"type":"if","locations":[{"start":{"line":47,"column":2},"end":{"line":49,"column":3}}]},"5":{"loc":{"start":{"line":47,"column":6},"end":{"line":47,"column":46}},"type":"binary-expr","locations":[{"start":{"line":47,"column":6},"end":{"line":47,"column":17}},{"start":{"line":47,"column":21},"end":{"line":47,"column":31}},{"start":{"line":47,"column":35},"end":{"line":47,"column":46}}]}},"s":{"0":1,"1":1,"2":1,"3":1,"4":37,"5":103,"6":103,"7":0,"8":103,"9":103,"10":3,"11":100,"12":100,"13":100,"14":100,"15":3,"16":97,"17":3,"18":94},"f":{"0":37,"1":103},"b":{"0":[0],"1":[3],"2":[3],"3":[100,97,97,97,97,97],"4":[3],"5":[97,97,94]}}
,"/Users/andrewpettigrew/Desktop/Andrew P Skill Assessment Scenario Package (3)/Scenario 4/project/src/errors.ts": {"path":"/Users/andrewpettigrew/Desktop/Andrew P Skill Assessment Scenario Package (3)/Scenario 4/project/src/errors.ts","statementMap":{"0":{"start":{"line":3,"column":4},"end":{"line":3,"column":19}},"1":{"start":{"line":4,"column":4},"end":{"line":4,"column":34}},"2":{"start":{"line":5,"column":4},"end":{"line":5,"column":59}},"3":{"start":{"line":1,"column":0},"end":{"line":1,"column":13}}},"fnMap":{"0":{"name":"(anonymous_0)","decl":{"start":{"line":2,"column":2},"end":{"line":2,"column":14}},"loc":{"start":{"line":2,"column":29},"end":{"line":6,"column":3}}}},"branchMap":{},"s":{"0":60,"1":60,"2":60,"3":1},"f":{"0":60},"b":{}}
,"/Users/andrewpettigrew/Desktop/Andrew P Skill Assessment Scenario Package (3)/Scenario 4/project/src/index.ts": {"path":"/Users/andrewpettigrew/Desktop/Andrew P Skill Assessment Scenario Package (3)/Scenario 4/project/src/index.ts","statementMap":{"0":{"start":{"line":2,"column":0},"end":{"line":2,"column":9}},"1":{"start":{"line":2,"column":9},"end":{"line":2,"column":47}},"2":{"start":{"line":3,"column":0},"end":{"line":3,"column":9}},"3":{"start":{"line":3,"column":9},"end":{"line":3,"column":43}},"4":{"start":{"line":4,"column":0},"end":{"line":4,"column":9}},"5":{"start":{"line":4,"column":9},"end":{"line":4,"column":32}},"6":{"start":{"line":4,"column":32},"end":{"line":4,"column":71}},"7":{"start":{"line":6,"column":0},"end":{"line":6,"column":null}},"8":{"start":{"line":7,"column":2},"end":{"line":7,"column":null}},"9":{"start":{"line":8,"column":2},"end":{"line":8,"column":null}},"10":{"start":{"line":9,"column":2},"end":{"line":9,"column":null}},"11":{"start":{"line":11,"column":0},"end":{"line":11,"column":9}},"12":{"start":{"line":11,"column":9},"end":{"line":11,"column":53}},"13":{"start":{"line":12,"column":0},"end":{"line":12,"column":null}},"14":{"start":{"line":13,"column":2},"end":{"line":13,"column":null}},"15":{"start":{"line":14,"column":2},"end":{"line":14,"column":null}},"16":{"start":{"line":15,"column":2},"end":{"line":15,"column":null}}},"fnMap":{"0":{"name":"(anonymous_0)","decl":{"start":{"line":2,"column":9},"end":{"line":2,"column":28}},"loc":{"start":{"line":2,"column":9},"end":{"line":2,"column":47}}},"1":{"name":"(anonymous_1)","decl":{"start":{"line":3,"column":9},"end":{"line":3,"column":24}},"loc":{"start":{"line":3,"column":9},"end":{"line":3,"column":43}}},"2":{"name":"(anonymous_2)","decl":{"start":{"line":4,"column":9},"end":{"line":4,"column":30}},"loc":{"start":{"line":4,"column":9},"end":{"line":4,"column":32}}},"3":{"name":"(anonymous_3)","decl":{"start":{"line":4,"column":32},"end":{"line":4,"column":47}},"loc":{"start":{"line":4,"column":32},"end":{"line":4,"column":71}}},"4":{"name":"(anonymous_4)","decl":{"start":{"line":7,"column":2},"end":{"line":7,"column":29}},"loc":{"start":{"line":7,"column":2},"end":{"line":7,"column":null}}},"5":{"name":"(anonymous_5)","decl":{"start":{"line":8,"column":2},"end":{"line":8,"column":29}},"loc":{"start":{"line":8,"column":2},"end":{"line":8,"column":null}}},"6":{"name":"(anonymous_6)","decl":{"start":{"line":9,"column":2},"end":{"line":9,"column":15}},"loc":{"start":{"line":9,"column":2},"end":{"line":9,"column":null}}},"7":{"name":"(anonymous_7)","decl":{"start":{"line":11,"column":9},"end":{"line":11,"column":31}},"loc":{"start":{"line":11,"column":9},"end":{"line":11,"column":53}}},"8":{"name":"(anonymous_8)","decl":{"start":{"line":13,"column":2},"end":{"line":13,"column":16}},"loc":{"start":{"line":13,"column":2},"end":{"line":13,"column":null}}},"9":{"name":"(anonymous_9)","decl":{"start":{"line":14,"column":2},"end":{"line":14,"column":21}},"loc":{"start":{"line":14,"column":2},"end":{"line":14,"column":null}}},"10":{"name":"(anonymous_10)","decl":{"start":{"line":15,"column":2},"end":{"line":15,"column":17}},"loc":{"start":{"line":15,"column":2},"end":{"line":15,"column":null}}}},"branchMap":{},"s":{"0":1,"1":1,"2":1,"3":12,"4":1,"5":6,"6":6,"7":1,"8":2,"9":4,"10":2,"11":1,"12":1,"13":1,"14":75,"15":2,"16":1},"f":{"0":0,"1":11,"2":5,"3":5,"4":1,"5":3,"6":1,"7":0,"8":74,"9":1,"10":0},"b":{}}
,"/Users/andrewpettigrew/Desktop/Andrew P Skill Assessment Scenario Package (3)/Scenario 4/project/src/normalize.ts": {"path":"/Users/andrewpettigrew/Desktop/Andrew P Skill Assessment Scenario Package (3)/Scenario 4/project/src/normalize.ts","statementMap":{"0":{"start":{"line":21,"column":0},"end":{"line":21,"column":16}},"1":{"start":{"line":4,"column":2},"end":{"line":6,"column":3}},"2":{"start":{"line":5,"column":4},"end":{"line":5,"column":14}},"3":{"start":{"line":7,"column":2},"end":{"line":7,"column":22}},"4":{"start":{"line":14,"column":2},"end":{"line":16,"column":3}},"5":{"start":{"line":15,"column":4},"end":{"line":15,"column":21}},"6":{"start":{"line":17,"column":12},"end":{"line":17,"column":29}},"7":{"start":{"line":18,"column":2},"end":{"line":18,"column":40}},"8":{"start":{"line":22,"column":2},"end":{"line":55,"column":4}},"9":{"start":{"line":40,"column":22},"end":{"line":40,"column":53}},"10":{"start":{"line":41,"column":24},"end":{"line":41,"column":58}},"11":{"start":{"line":43,"column":6},"end":{"line":50,"column":8}}},"fnMap":{"0":{"name":"trimString","decl":{"start":{"line":3,"column":9},"end":{"line":3,"column":19}},"loc":{"start":{"line":3,"column":34},"end":{"line":8,"column":1}}},"1":{"name":"optionalTrim","decl":{"start":{"line":13,"column":9},"end":{"line":13,"column":21}},"loc":{"start":{"line":13,"column":47},"end":{"line":19,"column":1}}},"2":{"name":"normalizeCustomerOrder","decl":{"start":{"line":21,"column":16},"end":{"line":21,"column":38}},"loc":{"start":{"line":21,"column":57},"end":{"line":56,"column":1}}},"3":{"name":"(anonymous_3)","decl":{"start":{"line":39,"column":33},"end":{"line":39,"column":34}},"loc":{"start":{"line":39,"column":42},"end":{"line":51,"column":5}}}},"branchMap":{"0":{"loc":{"start":{"line":4,"column":2},"end":{"line":6,"column":3}},"type":"if","locations":[{"start":{"line":4,"column":2},"end":{"line":6,"column":3}}]},"1":{"loc":{"start":{"line":14,"column":2},"end":{"line":16,"column":3}},"type":"if","locations":[{"start":{"line":14,"column":2},"end":{"line":16,"column":3}}]},"2":{"loc":{"start":{"line":18,"column":9},"end":{"line":18,"column":39}},"type":"cond-expr","locations":[{"start":{"line":18,"column":26},"end":{"line":18,"column":35}},{"start":{"line":18,"column":38},"end":{"line":18,"column":39}}]},"3":{"loc":{"start":{"line":39,"column":12},"end":{"line":39,"column":27}},"type":"binary-expr","locations":[{"start":{"line":39,"column":12},"end":{"line":39,"column":21}},{"start":{"line":39,"column":25},"end":{"line":39,"column":27}}]},"4":{"loc":{"start":{"line":41,"column":24},"end":{"line":41,"column":58}},"type":"binary-expr","locations":[{"start":{"line":41,"column":24},"end":{"line":41,"column":36}},{"start":{"line":41,"column":40},"end":{"line":41,"column":58}}]},"5":{"loc":{"start":{"line":46,"column":14},"end":{"line":46,"column":45}},"type":"binary-expr","locations":[{"start":{"line":46,"column":14},"end":{"line":46,"column":25}},{"start":{"line":46,"column":29},"end":{"line":46,"column":45}}]},"6":{"loc":{"start":{"line":47,"column":20},"end":{"line":47,"column":55}},"type":"binary-expr","locations":[{"start":{"line":47,"column":20},"end":{"line":47,"column":37}},{"start":{"line":47,"column":41},"end":{"line":47,"column":55}}]}},"s":{"0":1,"1":1070,"2":2,"3":1068,"4":201,"5":145,"6":56,"7":56,"8":67,"9":70,"10":70,"11":70},"f":{"0":1070,"1":201,"2":67,"3":70},"b":{"0":[2],"1":[145],"2":[0,56],"3":[67,0],"4":[70,0],"5":[70,0],"6":[70,0]}}
,"/Users/andrewpettigrew/Desktop/Andrew P Skill Assessment Scenario Package (3)/Scenario 4/project/src/schema.ts": {"path":"/Users/andrewpettigrew/Desktop/Andrew P Skill Assessment Scenario Package (3)/Scenario 4/project/src/schema.ts","statementMap":{"0":{"start":{"line":1,"column":0},"end":{"line":1,"column":24}},"1":{"start":{"line":2,"column":0},"end":{"line":2,"column":48}},"2":{"start":{"line":3,"column":0},"end":{"line":3,"column":43}},"3":{"start":{"line":5,"column":22},"end":{"line":5,"column":50}},"4":{"start":{"line":6,"column":28},"end":{"line":6,"column":48}},"5":{"start":{"line":7,"column":15},"end":{"line":7,"column":33}},"6":{"start":{"line":8,"column":15},"end":{"line":8,"column":54}},"7":{"start":{"line":9,"column":22},"end":{"line":9,"column":43}},"8":{"start":{"line":10,"column":21},"end":{"line":10,"column":36}},"9":{"start":{"line":13,"column":2},"end":{"line":15,"column":5}},"10":{"start":{"line":13,"column":34},"end":{"line":13,"column":46}},"11":{"start":{"line":19,"column":12},"end":{"line":19,"column":33}},"12":{"start":{"line":20,"column":2},"end":{"line":25,"column":3}},"13":{"start":{"line":21,"column":4},"end":{"line":23,"column":5}},"14":{"start":{"line":22,"column":6},"end":{"line":22,"column":57}},"15":{"start":{"line":24,"column":4},"end":{"line":24,"column":16}},"16":{"start":{"line":26,"column":2},"end":{"line":35,"column":3}},"17":{"start":{"line":27,"column":20},"end":{"line":27,"column":43}},"18":{"start":{"line":28,"column":4},"end":{"line":33,"column":5}},"19":{"start":{"line":32,"column":6},"end":{"line":32,"column":57}},"20":{"start":{"line":34,"column":4},"end":{"line":34,"column":16}},"21":{"start":{"line":36,"column":2},"end":{"line":38,"column":3}},"22":{"start":{"line":37,"column":4},"end":{"line":37,"column":63}},"23":{"start":{"line":39,"column":2},"end":{"line":39,"column":14}},"24":{"start":{"line":43,"column":2},"end":{"line":45,"column":3}},"25":{"start":{"line":44,"column":4},"end":{"line":44,"column":17}},"26":{"start":{"line":47,"column":17},"end":{"line":47,"column":41}},"27":{"start":{"line":48,"column":2},"end":{"line":48,"column":52}},"28":{"start":{"line":51,"column":27},"end":{"line":88,"column":4}},"29":{"start":{"line":61,"column":4},"end":{"line":68,"column":5}},"30":{"start":{"line":62,"column":6},"end":{"line":66,"column":9}},"31":{"start":{"line":67,"column":6},"end":{"line":67,"column":13}},"32":{"start":{"line":69,"column":25},"end":{"line":69,"column":51}},"33":{"start":{"line":70,"column":4},"end":{"line":79,"column":5}},"34":{"start":{"line":71,"column":6},"end":{"line":78,"column":7}},"35":{"start":{"line":72,"column":8},"end":{"line":77,"column":11}},"36":{"start":{"line":80,"column":22},"end":{"line":80,"column":61}},"37":{"start":{"line":81,"column":4},"end":{"line":87,"column":5}},"38":{"start":{"line":82,"column":6},"end":{"line":86,"column":9}},"39":{"start":{"line":90,"column":23},"end":{"line":121,"column":4}},"40":{"start":{"line":99,"column":4},"end":{"line":109,"column":5}},"41":{"start":{"line":104,"column":6},"end":{"line":108,"column":9}},"42":{"start":{"line":110,"column":4},"end":{"line":120,"column":5}},"43":{"start":{"line":115,"column":6},"end":{"line":119,"column":9}},"44":{"start":{"line":123,"column":24},"end":{"line":130,"column":2}},"45":{"start":{"line":132,"column":13},"end":{"line":260,"column":5}},"46":{"start":{"line":136,"column":13},"end":{"line":136,"column":41}},"47":{"start":{"line":149,"column":21},"end":{"line":149,"column":33}},"48":{"start":{"line":152,"column":21},"end":{"line":152,"column":42}},"49":{"start":{"line":157,"column":4},"end":{"line":163,"column":5}},"50":{"start":{"line":158,"column":6},"end":{"line":162,"column":9}},"51":{"start":{"line":165,"column":4},"end":{"line":259,"column":7}},"52":{"start":{"line":166,"column":21},"end":{"line":166,"column":38}},"53":{"start":{"line":167,"column":6},"end":{"line":173,"column":7}},"54":{"start":{"line":168,"column":8},"end":{"line":172,"column":11}},"55":{"start":{"line":174,"column":6},"end":{"line":180,"column":7}},"56":{"start":{"line":175,"column":8},"end":{"line":179,"column":11}},"57":{"start":{"line":181,"column":6},"end":{"line":201,"column":7}},"58":{"start":{"line":182,"column":8},"end":{"line":186,"column":11}},"59":{"start":{"line":188,"column":8},"end":{"line":200,"column":9}},"60":{"start":{"line":189,"column":10},"end":{"line":193,"column":13}},"61":{"start":{"line":194,"column":15},"end":{"line":200,"column":9}},"62":{"start":{"line":195,"column":10},"end":{"line":199,"column":13}},"63":{"start":{"line":202,"column":6},"end":{"line":214,"column":7}},"64":{"start":{"line":203,"column":8},"end":{"line":207,"column":11}},"65":{"start":{"line":208,"column":13},"end":{"line":214,"column":7}},"66":{"start":{"line":209,"column":8},"end":{"line":213,"column":11}},"67":{"start":{"line":215,"column":6},"end":{"line":243,"column":7}},"68":{"start":{"line":216,"column":8},"end":{"line":220,"column":11}},"69":{"start":{"line":221,"column":13},"end":{"line":243,"column":7}},"70":{"start":{"line":222,"column":8},"end":{"line":226,"column":11}},"71":{"start":{"line":228,"column":8},"end":{"line":242,"column":9}},"72":{"start":{"line":229,"column":10},"end":{"line":229,"column":37}},"73":{"start":{"line":232,"column":12},"end":{"line":236,"column":44}},"74":{"start":{"line":237,"column":10},"end":{"line":241,"column":13}},"75":{"start":{"line":244,"column":6},"end":{"line":258,"column":7}},"76":{"start":{"line":245,"column":8},"end":{"line":257,"column":9}},"77":{"start":{"line":246,"column":10},"end":{"line":250,"column":13}},"78":{"start":{"line":251,"column":15},"end":{"line":257,"column":9}},"79":{"start":{"line":252,"column":10},"end":{"line":256,"column":13}}},"fnMap":{"0":{"name":"nonemptyField","decl":{"start":{"line":12,"column":9},"end":{"line":12,"column":22}},"loc":{"start":{"line":12,"column":40},"end":{"line":16,"column":1}}},"1":{"name":"(anonymous_1)","decl":{"start":{"line":13,"column":27},"end":{"line":13,"column":28}},"loc":{"start":{"line":13,"column":34},"end":{"line":13,"column":46}}},"2":{"name":"postalCodeError","decl":{"start":{"line":18,"column":9},"end":{"line":18,"column":24}},"loc":{"start":{"line":18,"column":53},"end":{"line":40,"column":1}}},"3":{"name":"isValidPhoneNumber","decl":{"start":{"line":42,"column":9},"end":{"line":42,"column":27}},"loc":{"start":{"line":42,"column":41},"end":{"line":49,"column":1}}},"4":{"name":"(anonymous_4)","decl":{"start":{"line":60,"column":15},"end":{"line":60,"column":16}},"loc":{"start":{"line":60,"column":29},"end":{"line":88,"column":3}}},"5":{"name":"(anonymous_5)","decl":{"start":{"line":98,"column":15},"end":{"line":98,"column":16}},"loc":{"start":{"line":98,"column":26},"end":{"line":121,"column":3}}},"6":{"name":"(anonymous_6)","decl":{"start":{"line":136,"column":6},"end":{"line":136,"column":7}},"loc":{"start":{"line":136,"column":13},"end":{"line":136,"column":41}}},"7":{"name":"(anonymous_7)","decl":{"start":{"line":149,"column":14},"end":{"line":149,"column":15}},"loc":{"start":{"line":149,"column":21},"end":{"line":149,"column":33}}},"8":{"name":"(anonymous_8)","decl":{"start":{"line":152,"column":14},"end":{"line":152,"column":15}},"loc":{"start":{"line":152,"column":21},"end":{"line":152,"column":42}}},"9":{"name":"(anonymous_9)","decl":{"start":{"line":156,"column":15},"end":{"line":156,"column":16}},"loc":{"start":{"line":156,"column":30},"end":{"line":260,"column":3}}},"10":{"name":"(anonymous_10)","decl":{"start":{"line":165,"column":24},"end":{"line":165,"column":25}},"loc":{"start":{"line":165,"column":40},"end":{"line":259,"column":5}}}},"branchMap":{"0":{"loc":{"start":{"line":20,"column":2},"end":{"line":25,"column":3}},"type":"if","locations":[{"start":{"line":20,"column":2},"end":{"line":25,"column":3}}]},"1":{"loc":{"start":{"line":21,"column":4},"end":{"line":23,"column":5}},"type":"if","locations":[{"start":{"line":21,"column":4},"end":{"line":23,"column":5}}]},"2":{"loc":{"start":{"line":26,"column":2},"end":{"line":35,"column":3}},"type":"if","locations":[{"start":{"line":26,"column":2},"end":{"line":35,"column":3}}]},"3":{"loc":{"start":{"line":28,"column":4},"end":{"line":33,"column":5}},"type":"if","locations":[{"start":{"line":28,"column":4},"end":{"line":33,"column":5}}]},"4":{"loc":{"start":{"line":29,"column":6},"end":{"line":30,"column":56}},"type":"binary-expr","locations":[{"start":{"line":29,"column":6},"end":{"line":29,"column":27}},{"start":{"line":30,"column":6},"end":{"line":30,"column":56}}]},"5":{"loc":{"start":{"line":36,"column":2},"end":{"line":38,"column":3}},"type":"if","locations":[{"start":{"line":36,"column":2},"end":{"line":38,"column":3}}]},"6":{"loc":{"start":{"line":43,"column":2},"end":{"line":45,"column":3}},"type":"if","locations":[{"start":{"line":43,"column":2},"end":{"line":45,"column":3}}]},"7":{"loc":{"start":{"line":48,"column":9},"end":{"line":48,"column":51}},"type":"binary-expr","locations":[{"start":{"line":48,"column":9},"end":{"line":48,"column":28}},{"start":{"line":48,"column":32},"end":{"line":48,"column":51}}]},"8":{"loc":{"start":{"line":61,"column":4},"end":{"line":68,"column":5}},"type":"if","locations":[{"start":{"line":61,"column":4},"end":{"line":68,"column":5}}]},"9":{"loc":{"start":{"line":70,"column":4},"end":{"line":79,"column":5}},"type":"if","locations":[{"start":{"line":70,"column":4},"end":{"line":79,"column":5}}]},"10":{"loc":{"start":{"line":70,"column":8},"end":{"line":70,"column":54}},"type":"binary-expr","locations":[{"start":{"line":70,"column":8},"end":{"line":70,"column":29}},{"start":{"line":70,"column":33},"end":{"line":70,"column":54}}]},"11":{"loc":{"start":{"line":71,"column":6},"end":{"line":78,"column":7}},"type":"if","locations":[{"start":{"line":71,"column":6},"end":{"line":78,"column":7}}]},"12":{"loc":{"start":{"line":81,"column":4},"end":{"line":87,"column":5}},"type":"if","locations":[{"start":{"line":81,"column":4},"end":{"line":87,"column":5}}]},"13":{"loc":{"start":{"line":99,"column":4},"end":{"line":109,"column":5}},"type":"if","locations":[{"start":{"line":99,"column":4},"end":{"line":109,"column":5}}]},"14":{"loc":{"start":{"line":100,"column":6},"end":{"line":102,"column":34}},"type":"binary-expr","locations":[{"start":{"line":100,"column":6},"end":{"line":100,"column":27}},{"start":{"line":101,"column":6},"end":{"line":101,"column":24}},{"start":{"line":102,"column":6},"end":{"line":102,"column":34}}]},"15":{"loc":{"start":{"line":110,"column":4},"end":{"line":120,"column":5}},"type":"if","locations":[{"start":{"line":110,"column":4},"end":{"line":120,"column":5}}]},"16":{"loc":{"start":{"line":111,"column":6},"end":{"line":113,"column":34}},"type":"binary-expr","locations":[{"start":{"line":111,"column":6},"end":{"line":111,"column":27}},{"start":{"line":112,"column":6},"end":{"line":112,"column":24}},{"start":{"line":113,"column":6},"end":{"line":113,"column":34}}]},"17":{"loc":{"start":{"line":157,"column":4},"end":{"line":163,"column":5}},"type":"if","locations":[{"start":{"line":157,"column":4},"end":{"line":163,"column":5}}]},"18":{"loc":{"start":{"line":167,"column":6},"end":{"line":173,"column":7}},"type":"if","locations":[{"start":{"line":167,"column":6},"end":{"line":173,"column":7}}]},"19":{"loc":{"start":{"line":174,"column":6},"end":{"line":180,"column":7}},"type":"if","locations":[{"start":{"line":174,"column":6},"end":{"line":180,"column":7}}]},"20":{"loc":{"start":{"line":181,"column":6},"end":{"line":201,"column":7}},"type":"if","locations":[{"start":{"line":181,"column":6},"end":{"line":201,"column":7}},{"start":{"line":187,"column":13},"end":{"line":201,"column":7}}]},"21":{"loc":{"start":{"line":181,"column":10},"end":{"line":181,"column":64}},"type":"binary-expr","locations":[{"start":{"line":181,"column":10},"end":{"line":181,"column":38}},{"start":{"line":181,"column":42},"end":{"line":181,"column":64}}]},"22":{"loc":{"start":{"line":188,"column":8},"end":{"line":200,"column":9}},"type":"if","locations":[{"start":{"line":188,"column":8},"end":{"line":200,"column":9}},{"start":{"line":194,"column":15},"end":{"line":200,"column":9}}]},"23":{"loc":{"start":{"line":194,"column":15},"end":{"line":200,"column":9}},"type":"if","locations":[{"start":{"line":194,"column":15},"end":{"line":200,"column":9}}]},"24":{"loc":{"start":{"line":202,"column":6},"end":{"line":214,"column":7}},"type":"if","locations":[{"start":{"line":202,"column":6},"end":{"line":214,"column":7}},{"start":{"line":208,"column":13},"end":{"line":214,"column":7}}]},"25":{"loc":{"start":{"line":202,"column":10},"end":{"line":202,"column":76}},"type":"binary-expr","locations":[{"start":{"line":202,"column":10},"end":{"line":202,"column":44}},{"start":{"line":202,"column":48},"end":{"line":202,"column":76}}]},"26":{"loc":{"start":{"line":208,"column":13},"end":{"line":214,"column":7}},"type":"if","locations":[{"start":{"line":208,"column":13},"end":{"line":214,"column":7}}]},"27":{"loc":{"start":{"line":215,"column":6},"end":{"line":243,"column":7}},"type":"if","locations":[{"start":{"line":215,"column":6},"end":{"line":243,"column":7}},{"start":{"line":221,"column":13},"end":{"line":243,"column":7}}]},"28":{"loc":{"start":{"line":215,"column":10},"end":{"line":215,"column":55}},"type":"binary-expr","locations":[{"start":{"line":215,"column":10},"end":{"line":215,"column":33}},{"start":{"line":215,"column":37},"end":{"line":215,"column":55}}]},"29":{"loc":{"start":{"line":221,"column":13},"end":{"line":243,"column":7}},"type":"if","locations":[{"start":{"line":221,"column":13},"end":{"line":243,"column":7}},{"start":{"line":227,"column":13},"end":{"line":243,"column":7}}]},"30":{"loc":{"start":{"line":232,"column":12},"end":{"line":236,"column":44}},"type":"cond-expr","locations":[{"start":{"line":233,"column":16},"end":{"line":233,"column":25}},{"start":{"line":234,"column":16},"end":{"line":236,"column":44}}]},"31":{"loc":{"start":{"line":234,"column":16},"end":{"line":236,"column":44}},"type":"cond-expr","locations":[{"start":{"line":235,"column":18},"end":{"line":235,"column":27}},{"start":{"line":236,"column":18},"end":{"line":236,"column":44}}]},"32":{"loc":{"start":{"line":244,"column":6},"end":{"line":258,"column":7}},"type":"if","locations":[{"start":{"line":244,"column":6},"end":{"line":258,"column":7}}]},"33":{"loc":{"start":{"line":245,"column":8},"end":{"line":257,"column":9}},"type":"if","locations":[{"start":{"line":245,"column":8},"end":{"line":257,"column":9}},{"start":{"line":251,"column":15},"end":{"line":257,"column":9}}]},"34":{"loc":{"start":{"line":245,"column":12},"end":{"line":245,"column":70}},"type":"binary-expr","locations":[{"start":{"line":245,"column":12},"end":{"line":245,"column":42}},{"start":{"line":245,"column":46},"end":{"line":245,"column":70}}]},"35":{"loc":{"start":{"line":251,"column":15},"end":{"line":257,"column":9}},"type":"if","locations":[{"start":{"line":251,"column":15},"end":{"line":257,"column":9}}]}},"s":{"0":1,"1":1,"2":1,"3":1,"4":1,"5":1,"6":1,"7":1,"8":1,"9":10,"10":674,"11":66,"12":66,"13":63,"14":1,"15":62,"16":3,"17":1,"18":1,"19":0,"20":1,"21":2,"22":1,"23":1,"24":8,"25":1,"26":7,"27":7,"28":1,"29":67,"30":1,"31":1,"32":66,"33":66,"34":64,"35":1,"36":66,"37":66,"38":2,"39":1,"40":67,"41":3,"42":67,"43":1,"44":1,"45":1,"46":68,"47":68,"48":68,"49":64,"50":0,"51":64,"52":67,"53":67,"54":0,"55":67,"56":0,"57":67,"58":0,"59":67,"60":3,"61":64,"62":3,"63":67,"64":0,"65":67,"66":5,"67":67,"68":0,"69":67,"70":1,"71":66,"72":66,"73":8,"74":8,"75":67,"76":1,"77":0,"78":1,"79":1},"f":{"0":10,"1":674,"2":66,"3":8,"4":67,"5":67,"6":68,"7":68,"8":68,"9":64,"10":67},"b":{"0":[63],"1":[1],"2":[1],"3":[0],"4":[1,0],"5":[1],"6":[1],"7":[7,7],"8":[1],"9":[64],"10":[66,3],"11":[1],"12":[2],"13":[3],"14":[67,40,40],"15":[1],"16":[67,8,8],"17":[0],"18":[0],"19":[0],"20":[0,67],"21":[67,67],"22":[3,64],"23":[3],"24":[0,67],"25":[67,67],"26":[5],"27":[0,67],"28":[67,67],"29":[1,66],"30":[8,0],"31":[0,0],"32":[1],"33":[0,1],"34":[1,1],"35":[1]}}
,"/Users/andrewpettigrew/Desktop/Andrew P Skill Assessment Scenario Package (3)/Scenario 4/project/src/transform.ts": {"path":"/Users/andrewpettigrew/Desktop/Andrew P Skill Assessment Scenario Package (3)/Scenario 4/project/src/transform.ts","statementMap":{"0":{"start":{"line":45,"column":0},"end":{"line":45,"column":16}},"1":{"start":{"line":67,"column":0},"end":{"line":67,"column":16}},"2":{"start":{"line":1,"column":0},"end":{"line":1,"column":71}},"3":{"start":{"line":2,"column":0},"end":{"line":2,"column":43}},"4":{"start":{"line":3,"column":0},"end":{"line":3,"column":53}},"5":{"start":{"line":5,"column":0},"end":{"line":5,"column":null}},"6":{"start":{"line":11,"column":18},"end":{"line":11,"column":45}},"7":{"start":{"line":12,"column":52},"end":{"line":19,"column":4}},"8":{"start":{"line":20,"column":2},"end":{"line":22,"column":3}},"9":{"start":{"line":21,"column":4},"end":{"line":21,"column":35}},"10":{"start":{"line":23,"column":2},"end":{"line":23,"column":14}},"11":{"start":{"line":27,"column":2},"end":{"line":39,"column":5}},"12":{"start":{"line":28,"column":17},"end":{"line":28,"column":43}},"13":{"start":{"line":29,"column":4},"end":{"line":38,"column":6}},"14":{"start":{"line":46,"column":2},"end":{"line":46,"column":56}},"15":{"start":{"line":47,"column":21},"end":{"line":47,"column":58}},"16":{"start":{"line":48,"column":16},"end":{"line":48,"column":55}},"17":{"start":{"line":50,"column":2},"end":{"line":61,"column":4}},"18":{"start":{"line":68,"column":37},"end":{"line":68,"column":39}},"19":{"start":{"line":69,"column":40},"end":{"line":69,"column":42}},"20":{"start":{"line":71,"column":2},"end":{"line":83,"column":3}},"21":{"start":{"line":72,"column":4},"end":{"line":82,"column":5}},"22":{"start":{"line":73,"column":6},"end":{"line":73,"column":45}},"23":{"start":{"line":76,"column":8},"end":{"line":80,"column":23}},"24":{"start":{"line":81,"column":6},"end":{"line":81,"column":45}},"25":{"start":{"line":85,"column":2},"end":{"line":85,"column":32}},"26":{"start":{"line":89,"column":13},"end":{"line":89,"column":51}}},"fnMap":{"0":{"name":"buildDestinationAddress","decl":{"start":{"line":10,"column":9},"end":{"line":10,"column":32}},"loc":{"start":{"line":10,"column":53},"end":{"line":24,"column":1}}},"1":{"name":"mapItems","decl":{"start":{"line":26,"column":9},"end":{"line":26,"column":17}},"loc":{"start":{"line":26,"column":38},"end":{"line":40,"column":1}}},"2":{"name":"(anonymous_2)","decl":{"start":{"line":27,"column":25},"end":{"line":27,"column":26}},"loc":{"start":{"line":27,"column":34},"end":{"line":39,"column":3}}},"3":{"name":"transformOrder","decl":{"start":{"line":45,"column":16},"end":{"line":45,"column":30}},"loc":{"start":{"line":45,"column":59},"end":{"line":62,"column":1}}},"4":{"name":"transformOrderBatch","decl":{"start":{"line":67,"column":16},"end":{"line":67,"column":35}},"loc":{"start":{"line":67,"column":59},"end":{"line":86,"column":1}}}},"branchMap":{"0":{"loc":{"start":{"line":20,"column":2},"end":{"line":22,"column":3}},"type":"if","locations":[{"start":{"line":20,"column":2},"end":{"line":22,"column":3}}]},"1":{"loc":{"start":{"line":20,"column":6},"end":{"line":20,"column":65}},"type":"binary-expr","locations":[{"start":{"line":20,"column":6},"end":{"line":20,"column":35}},{"start":{"line":20,"column":39},"end":{"line":20,"column":65}}]},"2":{"loc":{"start":{"line":76,"column":8},"end":{"line":80,"column":23}},"type":"cond-expr","locations":[{"start":{"line":77,"column":12},"end":{"line":77,"column":21}},{"start":{"line":78,"column":12},"end":{"line":80,"column":23}}]},"3":{"loc":{"start":{"line":78,"column":12},"end":{"line":80,"column":23}},"type":"cond-expr","locations":[{"start":{"line":79,"column":14},"end":{"line":79,"column":23}},{"start":{"line":80,"column":14},"end":{"line":80,"column":23}}]}},"s":{"0":1,"1":1,"2":1,"3":1,"4":1,"5":1,"6":29,"7":29,"8":29,"9":8,"10":29,"11":29,"12":32,"13":32,"14":77,"15":66,"16":66,"17":29,"18":1,"19":1,"20":1,"21":3,"22":3,"23":1,"24":1,"25":1,"26":1},"f":{"0":29,"1":29,"2":32,"3":77,"4":1},"b":{"0":[8],"1":[29,8],"2":[1,0],"3":[0,0]}}
,"/Users/andrewpettigrew/Desktop/Andrew P Skill Assessment Scenario Package (3)/Scenario 4/project/src/validation.ts": {"path":"/Users/andrewpettigrew/Desktop/Andrew P Skill Assessment Scenario Package (3)/Scenario 4/project/src/validation.ts","statementMap":{"0":{"start":{"line":131,"column":0},"end":{"line":131,"column":16}},"1":{"start":{"line":141,"column":0},"end":{"line":141,"column":16}},"2":{"start":{"line":152,"column":0},"end":{"line":152,"column":16}},"3":{"start":{"line":1,"column":0},"end":{"line":1,"column":39}},"4":{"start":{"line":2,"column":0},"end":{"line":2,"column":43}},"5":{"start":{"line":3,"column":0},"end":{"line":3,"column":53}},"6":{"start":{"line":4,"column":0},"end":{"line":4,"column":47}},"7":{"start":{"line":8,"column":2},"end":{"line":8,"column":78}},"8":{"start":{"line":12,"column":2},"end":{"line":18,"column":3}},"9":{"start":{"line":13,"column":22},"end":{"line":13,"column":62}},"10":{"start":{"line":14,"column":22},"end":{"line":14,"column":42}},"11":{"start":{"line":15,"column":4},"end":{"line":17,"column":5}},"12":{"start":{"line":16,"column":6},"end":{"line":16,"column":52}},"13":{"start":{"line":19,"column":2},"end":{"line":19,"column":23}},"14":{"start":{"line":22,"column":34},"end":{"line":126,"column":2}},"15":{"start":{"line":23,"column":2},"end":{"line":29,"column":3}},"16":{"start":{"line":24,"column":4},"end":{"line":27,"column":7}},"17":{"start":{"line":28,"column":4},"end":{"line":28,"column":11}},"18":{"start":{"line":31,"column":25},"end":{"line":31,"column":83}},"19":{"start":{"line":32,"column":2},"end":{"line":40,"column":3}},"20":{"start":{"line":33,"column":4},"end":{"line":39,"column":5}},"21":{"start":{"line":34,"column":6},"end":{"line":38,"column":9}},"22":{"start":{"line":42,"column":2},"end":{"line":44,"column":3}},"23":{"start":{"line":43,"column":4},"end":{"line":43,"column":11}},"24":{"start":{"line":46,"column":2},"end":{"line":57,"column":3}},"25":{"start":{"line":52,"column":4},"end":{"line":56,"column":7}},"26":{"start":{"line":59,"column":2},"end":{"line":61,"column":3}},"27":{"start":{"line":60,"column":4},"end":{"line":60,"column":11}},"28":{"start":{"line":63,"column":2},"end":{"line":70,"column":3}},"29":{"start":{"line":64,"column":4},"end":{"line":68,"column":7}},"30":{"start":{"line":69,"column":4},"end":{"line":69,"column":11}},"31":{"start":{"line":72,"column":2},"end":{"line":125,"column":5}},"32":{"start":{"line":73,"column":4},"end":{"line":80,"column":5}},"33":{"start":{"line":74,"column":6},"end":{"line":78,"column":9}},"34":{"start":{"line":79,"column":6},"end":{"line":79,"column":13}},"35":{"start":{"line":82,"column":19},"end":{"line":82,"column":36}},"36":{"start":{"line":83,"column":4},"end":{"line":89,"column":5}},"37":{"start":{"line":84,"column":6},"end":{"line":88,"column":9}},"38":{"start":{"line":92,"column":6},"end":{"line":93,"column":83}},"39":{"start":{"line":94,"column":4},"end":{"line":100,"column":5}},"40":{"start":{"line":95,"column":6},"end":{"line":99,"column":9}},"41":{"start":{"line":103,"column":6},"end":{"line":104,"column":77}},"42":{"start":{"line":105,"column":4},"end":{"line":111,"column":5}},"43":{"start":{"line":106,"column":6},"end":{"line":110,"column":9}},"44":{"start":{"line":114,"column":6},"end":{"line":117,"column":33}},"45":{"start":{"line":118,"column":4},"end":{"line":124,"column":5}},"46":{"start":{"line":119,"column":6},"end":{"line":123,"column":9}},"47":{"start":{"line":132,"column":17},"end":{"line":132,"column":58}},"48":{"start":{"line":133,"column":2},"end":{"line":135,"column":3}},"49":{"start":{"line":134,"column":4},"end":{"line":134,"column":67}},"50":{"start":{"line":142,"column":17},"end":{"line":142,"column":52}},"51":{"start":{"line":143,"column":2},"end":{"line":145,"column":3}},"52":{"start":{"line":144,"column":4},"end":{"line":144,"column":67}},"53":{"start":{"line":146,"column":2},"end":{"line":146,"column":21}},"54":{"start":{"line":153,"column":2},"end":{"line":153,"column":48}},"55":{"start":{"line":154,"column":2},"end":{"line":154,"column":61}}},"fnMap":{"0":{"name":"isPlainObject","decl":{"start":{"line":7,"column":9},"end":{"line":7,"column":22}},"loc":{"start":{"line":7,"column":37},"end":{"line":9,"column":1}}},"1":{"name":"formatIssue","decl":{"start":{"line":11,"column":9},"end":{"line":11,"column":20}},"loc":{"start":{"line":11,"column":36},"end":{"line":20,"column":1}}},"2":{"name":"(anonymous_2)","decl":{"start":{"line":22,"column":58},"end":{"line":22,"column":59}},"loc":{"start":{"line":22,"column":72},"end":{"line":126,"column":1}}},"3":{"name":"(anonymous_3)","decl":{"start":{"line":72,"column":21},"end":{"line":72,"column":22}},"loc":{"start":{"line":72,"column":37},"end":{"line":125,"column":3}}},"4":{"name":"validateRequiredOrderFields","decl":{"start":{"line":131,"column":16},"end":{"line":131,"column":43}},"loc":{"start":{"line":131,"column":57},"end":{"line":136,"column":1}}},"5":{"name":"parseValidatedCustomerOrder","decl":{"start":{"line":141,"column":16},"end":{"line":141,"column":43}},"loc":{"start":{"line":141,"column":57},"end":{"line":147,"column":1}}},"6":{"name":"validateOrder","decl":{"start":{"line":152,"column":16},"end":{"line":152,"column":29}},"loc":{"start":{"line":152,"column":50},"end":{"line":155,"column":1}}}},"branchMap":{"0":{"loc":{"start":{"line":8,"column":9},"end":{"line":8,"column":77}},"type":"binary-expr","locations":[{"start":{"line":8,"column":9},"end":{"line":8,"column":34}},{"start":{"line":8,"column":38},"end":{"line":8,"column":52}},{"start":{"line":8,"column":56},"end":{"line":8,"column":77}}]},"1":{"loc":{"start":{"line":12,"column":2},"end":{"line":18,"column":3}},"type":"if","locations":[{"start":{"line":12,"column":2},"end":{"line":18,"column":3}}]},"2":{"loc":{"start":{"line":15,"column":4},"end":{"line":17,"column":5}},"type":"if","locations":[{"start":{"line":15,"column":4},"end":{"line":17,"column":5}}]},"3":{"loc":{"start":{"line":15,"column":8},"end":{"line":15,"column":56}},"type":"binary-expr","locations":[{"start":{"line":15,"column":8},"end":{"line":15,"column":32}},{"start":{"line":15,"column":36},"end":{"line":15,"column":56}}]},"4":{"loc":{"start":{"line":23,"column":2},"end":{"line":29,"column":3}},"type":"if","locations":[{"start":{"line":23,"column":2},"end":{"line":29,"column":3}}]},"5":{"loc":{"start":{"line":33,"column":4},"end":{"line":39,"column":5}},"type":"if","locations":[{"start":{"line":33,"column":4},"end":{"line":39,"column":5}}]},"6":{"loc":{"start":{"line":33,"column":8},"end":{"line":33,"column":77}},"type":"binary-expr","locations":[{"start":{"line":33,"column":8},"end":{"line":33,"column":24}},{"start":{"line":33,"column":28},"end":{"line":33,"column":53}},{"start":{"line":33,"column":57},"end":{"line":33,"column":77}}]},"7":{"loc":{"start":{"line":42,"column":2},"end":{"line":44,"column":3}},"type":"if","locations":[{"start":{"line":42,"column":2},"end":{"line":44,"column":3}}]},"8":{"loc":{"start":{"line":46,"column":2},"end":{"line":57,"column":3}},"type":"if","locations":[{"start":{"line":46,"column":2},"end":{"line":57,"column":3}}]},"9":{"loc":{"start":{"line":47,"column":4},"end":{"line":50,"column":46}},"type":"binary-expr","locations":[{"start":{"line":47,"column":4},"end":{"line":47,"column":38}},{"start":{"line":48,"column":4},"end":{"line":48,"column":44}},{"start":{"line":49,"column":4},"end":{"line":49,"column":39}},{"start":{"line":50,"column":4},"end":{"line":50,"column":46}}]},"10":{"loc":{"start":{"line":59,"column":2},"end":{"line":61,"column":3}},"type":"if","locations":[{"start":{"line":59,"column":2},"end":{"line":61,"column":3}}]},"11":{"loc":{"start":{"line":63,"column":2},"end":{"line":70,"column":3}},"type":"if","locations":[{"start":{"line":63,"column":2},"end":{"line":70,"column":3}}]},"12":{"loc":{"start":{"line":73,"column":4},"end":{"line":80,"column":5}},"type":"if","locations":[{"start":{"line":73,"column":4},"end":{"line":80,"column":5}}]},"13":{"loc":{"start":{"line":83,"column":4},"end":{"line":89,"column":5}},"type":"if","locations":[{"start":{"line":83,"column":4},"end":{"line":89,"column":5}}]},"14":{"loc":{"start":{"line":83,"column":8},"end":{"line":83,"column":71}},"type":"binary-expr","locations":[{"start":{"line":83,"column":8},"end":{"line":83,"column":24}},{"start":{"line":83,"column":28},"end":{"line":83,"column":50}},{"start":{"line":83,"column":54},"end":{"line":83,"column":71}}]},"15":{"loc":{"start":{"line":92,"column":6},"end":{"line":93,"column":83}},"type":"binary-expr","locations":[{"start":{"line":92,"column":7},"end":{"line":92,"column":20}},{"start":{"line":92,"column":24},"end":{"line":92,"column":46}},{"start":{"line":92,"column":50},"end":{"line":92,"column":67}},{"start":{"line":93,"column":7},"end":{"line":93,"column":25}},{"start":{"line":93,"column":29},"end":{"line":93,"column":56}},{"start":{"line":93,"column":60},"end":{"line":93,"column":82}}]},"16":{"loc":{"start":{"line":94,"column":4},"end":{"line":100,"column":5}},"type":"if","locations":[{"start":{"line":94,"column":4},"end":{"line":100,"column":5}}]},"17":{"loc":{"start":{"line":103,"column":6},"end":{"line":104,"column":77}},"type":"binary-expr","locations":[{"start":{"line":103,"column":7},"end":{"line":103,"column":26}},{"start":{"line":103,"column":30},"end":{"line":103,"column":58}},{"start":{"line":103,"column":62},"end":{"line":103,"column":85}},{"start":{"line":104,"column":7},"end":{"line":104,"column":23}},{"start":{"line":104,"column":27},"end":{"line":104,"column":52}},{"start":{"line":104,"column":56},"end":{"line":104,"column":76}}]},"18":{"loc":{"start":{"line":105,"column":4},"end":{"line":111,"column":5}},"type":"if","locations":[{"start":{"line":105,"column":4},"end":{"line":111,"column":5}}]},"19":{"loc":{"start":{"line":114,"column":6},"end":{"line":117,"column":33}},"type":"binary-expr","locations":[{"start":{"line":114,"column":7},"end":{"line":114,"column":21}},{"start":{"line":114,"column":25},"end":{"line":114,"column":48}},{"start":{"line":114,"column":52},"end":{"line":114,"column":70}},{"start":{"line":115,"column":7},"end":{"line":115,"column":27}},{"start":{"line":116,"column":8},"end":{"line":116,"column":37}},{"start":{"line":117,"column":8},"end":{"line":117,"column":32}}]},"20":{"loc":{"start":{"line":118,"column":4},"end":{"line":124,"column":5}},"type":"if","locations":[{"start":{"line":118,"column":4},"end":{"line":124,"column":5}}]},"21":{"loc":{"start":{"line":133,"column":2},"end":{"line":135,"column":3}},"type":"if","locations":[{"start":{"line":133,"column":2},"end":{"line":135,"column":3}}]},"22":{"loc":{"start":{"line":143,"column":2},"end":{"line":145,"column":3}},"type":"if","locations":[{"start":{"line":143,"column":2},"end":{"line":145,"column":3}}]}},"s":{"0":1,"1":1,"2":1,"3":1,"4":1,"5":1,"6":1,"7":320,"8":51,"9":4,"10":4,"11":4,"12":1,"13":50,"14":1,"15":81,"16":1,"17":1,"18":80,"19":80,"20":320,"21":3,"22":80,"23":0,"24":80,"25":1,"26":80,"27":0,"28":80,"29":3,"30":3,"31":77,"32":80,"33":1,"34":1,"35":79,"36":79,"37":1,"38":79,"39":79,"40":1,"41":79,"42":79,"43":1,"44":79,"45":79,"46":1,"47":81,"48":81,"49":13,"50":68,"51":68,"52":38,"53":30,"54":1,"55":1},"f":{"0":320,"1":51,"2":81,"3":80,"4":81,"5":68,"6":1},"b":{"0":[320,319,318],"1":[4],"2":[1],"3":[4,1],"4":[1],"5":[3],"6":[320,317,317],"7":[0],"8":[1],"9":[80,80,79,79],"10":[0],"11":[3],"12":[1],"13":[1],"14":[79,79,78],"15":[79,78,77,2,1,1],"16":[1],"17":[79,78,77,2,1,1],"18":[1],"19":[79,78,77,2,1,1],"20":[1],"21":[13],"22":[38]}}
}
