TN:
SF:src/conversions.ts
FN:5,convertOuncesToPounds
FN:19,parseDimensions
FNF:2
FNH:2
FNDA:37,convertOuncesToPounds
FNDA:103,parseDimensions
DA:1,1
DA:3,1
DA:5,1
DA:6,37
DA:19,1
DA:20,103
DA:21,103
DA:22,0
DA:25,103
DA:26,103
DA:27,3
DA:30,100
DA:31,100
DA:32,100
DA:34,100
DA:42,3
DA:47,97
DA:48,3
DA:51,94
LF:19
LH:18
BRDA:21,0,0,0
BRDA:26,1,0,3
BRDA:34,2,0,3
BRDA:35,3,0,100
BRDA:35,3,1,97
BRDA:35,3,2,97
BRDA:35,3,3,97
BRDA:35,3,4,97
BRDA:35,3,5,97
BRDA:47,4,0,3
BRDA:47,5,0,97
BRDA:47,5,1,97
BRDA:47,5,2,94
BRF:13
BRH:12
end_of_record
TN:
SF:src/errors.ts
FN:2,(anonymous_0)
FNF:1
FNH:1
FNDA:60,(anonymous_0)
DA:1,1
DA:3,60
DA:4,60
DA:5,60
LF:4
LH:4
BRF:0
BRH:0
end_of_record
TN:
SF:src/index.ts
FN:2,(anonymous_0)
FN:3,(anonymous_1)
FN:4,(anonymous_2)
FN:4,(anonymous_3)
FN:7,(anonymous_4)
FN:8,(anonymous_5)
FN:9,(anonymous_6)
FN:11,(anonymous_7)
FN:13,(anonymous_8)
FN:14,(anonymous_9)
FN:15,(anonymous_10)
FNF:11
FNH:8
FNDA:0,(anonymous_0)
FNDA:11,(anonymous_1)
FNDA:5,(anonymous_2)
FNDA:5,(anonymous_3)
FNDA:1,(anonymous_4)
FNDA:3,(anonymous_5)
FNDA:1,(anonymous_6)
FNDA:0,(anonymous_7)
FNDA:74,(anonymous_8)
FNDA:1,(anonymous_9)
FNDA:0,(anonymous_10)
DA:2,1
DA:3,12
DA:4,6
DA:6,1
DA:7,2
DA:8,4
DA:9,2
DA:11,1
DA:12,1
DA:13,75
DA:14,2
DA:15,1
LF:12
LH:12
BRF:0
BRH:0
end_of_record
TN:
SF:src/normalize.ts
FN:3,trimString
FN:13,optionalTrim
FN:21,normalizeCustomerOrder
FN:39,(anonymous_3)
FNF:4
FNH:4
FNDA:1070,trimString
FNDA:201,optionalTrim
FNDA:67,normalizeCustomerOrder
FNDA:70,(anonymous_3)
DA:4,1070
DA:5,2
DA:7,1068
DA:14,201
DA:15,145
DA:17,56
DA:18,56
DA:21,1
DA:22,67
DA:40,70
DA:41,70
DA:43,70
LF:12
LH:12
BRDA:4,0,0,2
BRDA:14,1,0,145
BRDA:18,2,0,0
BRDA:18,2,1,56
BRDA:39,3,0,67
BRDA:39,3,1,0
BRDA:41,4,0,70
BRDA:41,4,1,0
BRDA:46,5,0,70
BRDA:46,5,1,0
BRDA:47,6,0,70
BRDA:47,6,1,0
BRF:12
BRH:7
end_of_record
TN:
SF:src/schema.ts
FN:12,nonemptyField
FN:13,(anonymous_1)
FN:18,postalCodeError
FN:42,isValidPhoneNumber
FN:60,(anonymous_4)
FN:98,(anonymous_5)
FN:136,(anonymous_6)
FN:149,(anonymous_7)
FN:152,(anonymous_8)
FN:156,(anonymous_9)
FN:165,(anonymous_10)
FNF:11
FNH:11
FNDA:10,nonemptyField
FNDA:674,(anonymous_1)
FNDA:66,postalCodeError
FNDA:8,isValidPhoneNumber
FNDA:67,(anonymous_4)
FNDA:67,(anonymous_5)
FNDA:68,(anonymous_6)
FNDA:68,(anonymous_7)
FNDA:68,(anonymous_8)
FNDA:64,(anonymous_9)
FNDA:67,(anonymous_10)
DA:1,1
DA:2,1
DA:3,1
DA:5,1
DA:6,1
DA:7,1
DA:8,1
DA:9,1
DA:10,1
DA:13,674
DA:19,66
DA:20,66
DA:21,63
DA:22,1
DA:24,62
DA:26,3
DA:27,1
DA:28,1
DA:32,0
DA:34,1
DA:36,2
DA:37,1
DA:39,1
DA:43,8
DA:44,1
DA:47,7
DA:48,7
DA:51,1
DA:61,67
DA:62,1
DA:67,1
DA:69,66
DA:70,66
DA:71,64
DA:72,1
DA:80,66
DA:81,66
DA:82,2
DA:90,1
DA:99,67
DA:104,3
DA:110,67
DA:115,1
DA:123,1
DA:132,1
DA:136,68
DA:149,68
DA:152,68
DA:157,64
DA:158,0
DA:165,64
DA:166,67
DA:167,67
DA:168,0
DA:174,67
DA:175,0
DA:181,67
DA:182,0
DA:188,67
DA:189,3
DA:194,64
DA:195,3
DA:202,67
DA:203,0
DA:208,67
DA:209,5
DA:215,67
DA:216,0
DA:221,67
DA:222,1
DA:228,66
DA:229,66
DA:232,8
DA:237,8
DA:244,67
DA:245,1
DA:246,0
DA:251,1
DA:252,1
LF:79
LH:71
BRDA:20,0,0,63
BRDA:21,1,0,1
BRDA:26,2,0,1
BRDA:28,3,0,0
BRDA:29,4,0,1
BRDA:29,4,1,0
BRDA:36,5,0,1
BRDA:43,6,0,1
BRDA:48,7,0,7
BRDA:48,7,1,7
BRDA:61,8,0,1
BRDA:70,9,0,64
BRDA:70,10,0,66
BRDA:70,10,1,3
BRDA:71,11,0,1
BRDA:81,12,0,2
BRDA:99,13,0,3
BRDA:100,14,0,67
BRDA:100,14,1,40
BRDA:100,14,2,40
BRDA:110,15,0,1
BRDA:111,16,0,67
BRDA:111,16,1,8
BRDA:111,16,2,8
BRDA:157,17,0,0
BRDA:167,18,0,0
BRDA:174,19,0,0
BRDA:181,20,0,0
BRDA:181,20,1,67
BRDA:181,21,0,67
BRDA:181,21,1,67
BRDA:188,22,0,3
BRDA:188,22,1,64
BRDA:194,23,0,3
BRDA:202,24,0,0
BRDA:202,24,1,67
BRDA:202,25,0,67
BRDA:202,25,1,67
BRDA:208,26,0,5
BRDA:215,27,0,0
BRDA:215,27,1,67
BRDA:215,28,0,67
BRDA:215,28,1,67
BRDA:221,29,0,1
BRDA:221,29,1,66
BRDA:232,30,0,8
BRDA:232,30,1,0
BRDA:234,31,0,0
BRDA:234,31,1,0
BRDA:244,32,0,1
BRDA:245,33,0,0
BRDA:245,33,1,1
BRDA:245,34,0,1
BRDA:245,34,1,1
BRDA:251,35,0,1
BRF:55
BRH:43
end_of_record
TN:
SF:src/transform.ts
FN:10,buildDestinationAddress
FN:26,mapItems
FN:27,(anonymous_2)
FN:45,transformOrder
FN:67,transformOrderBatch
FNF:5
FNH:5
FNDA:29,buildDestinationAddress
FNDA:29,mapItems
FNDA:32,(anonymous_2)
FNDA:77,transformOrder
FNDA:1,transformOrderBatch
DA:1,1
DA:2,1
DA:3,1
DA:5,1
DA:11,29
DA:12,29
DA:20,29
DA:21,8
DA:23,29
DA:27,29
DA:28,32
DA:29,32
DA:45,1
DA:46,77
DA:47,66
DA:48,66
DA:50,29
DA:67,1
DA:68,1
DA:69,1
DA:71,1
DA:72,3
DA:73,3
DA:76,1
DA:81,1
DA:85,1
DA:89,1
LF:27
LH:27
BRDA:20,0,0,8
BRDA:20,1,0,29
BRDA:20,1,1,8
BRDA:76,2,0,1
BRDA:76,2,1,0
BRDA:78,3,0,0
BRDA:78,3,1,0
BRF:7
BRH:4
end_of_record
TN:
SF:src/validation.ts
FN:7,isPlainObject
FN:11,formatIssue
FN:22,(anonymous_2)
FN:72,(anonymous_3)
FN:131,validateRequiredOrderFields
FN:141,parseValidatedCustomerOrder
FN:152,validateOrder
FNF:7
FNH:7
FNDA:320,isPlainObject
FNDA:51,formatIssue
FNDA:81,(anonymous_2)
FNDA:80,(anonymous_3)
FNDA:81,validateRequiredOrderFields
FNDA:68,parseValidatedCustomerOrder
FNDA:1,validateOrder
DA:1,1
DA:2,1
DA:3,1
DA:4,1
DA:8,320
DA:12,51
DA:13,4
DA:14,4
DA:15,4
DA:16,1
DA:19,50
DA:22,1
DA:23,81
DA:24,1
DA:28,1
DA:31,80
DA:32,80
DA:33,320
DA:34,3
DA:42,80
DA:43,0
DA:46,80
DA:52,1
DA:59,80
DA:60,0
DA:63,80
DA:64,3
DA:69,3
DA:72,77
DA:73,80
DA:74,1
DA:79,1
DA:82,79
DA:83,79
DA:84,1
DA:92,79
DA:94,79
DA:95,1
DA:103,79
DA:105,79
DA:106,1
DA:114,79
DA:118,79
DA:119,1
DA:131,1
DA:132,81
DA:133,81
DA:134,13
DA:141,1
DA:142,68
DA:143,68
DA:144,38
DA:146,30
DA:152,1
DA:153,1
DA:154,1
LF:56
LH:54
BRDA:8,0,0,320
BRDA:8,0,1,319
BRDA:8,0,2,318
BRDA:12,1,0,4
BRDA:15,2,0,1
BRDA:15,3,0,4
BRDA:15,3,1,1
BRDA:23,4,0,1
BRDA:33,5,0,3
BRDA:33,6,0,320
BRDA:33,6,1,317
BRDA:33,6,2,317
BRDA:42,7,0,0
BRDA:46,8,0,1
BRDA:47,9,0,80
BRDA:47,9,1,80
BRDA:47,9,2,79
BRDA:47,9,3,79
BRDA:59,10,0,0
BRDA:63,11,0,3
BRDA:73,12,0,1
BRDA:83,13,0,1
BRDA:83,14,0,79
BRDA:83,14,1,79
BRDA:83,14,2,78
BRDA:92,15,0,79
BRDA:92,15,1,78
BRDA:92,15,2,77
BRDA:92,15,3,2
BRDA:92,15,4,1
BRDA:92,15,5,1
BRDA:94,16,0,1
BRDA:103,17,0,79
BRDA:103,17,1,78
BRDA:103,17,2,77
BRDA:103,17,3,2
BRDA:103,17,4,1
BRDA:103,17,5,1
BRDA:105,18,0,1
BRDA:114,19,0,79
BRDA:114,19,1,78
BRDA:114,19,2,77
BRDA:114,19,3,2
BRDA:114,19,4,1
BRDA:114,19,5,1
BRDA:118,20,0,1
BRDA:133,21,0,13
BRDA:143,22,0,38
BRF:48
BRH:46
end_of_record
